<?xml version="1.0" encoding="UTF-8"?>
<!-- Generated by org.testng.reporters.JUnitXMLReporter -->
<testsuite hostname="DTBLR01LP21" ignored="0" name="ActiTIME Test Cases" tests="4" failures="0" timestamp="17 May 2023 06:10:57 GMT" time="226.108" errors="0">
  <testcase name="loginPageTitleTest" time="2.037" classname="com.actitime.testcases.TestCases"/>
  <testcase name="logoImageTest" time="0.152" classname="com.actitime.testcases.TestCases"/>
  <testcase name="loginTest" time="10.415" classname="com.actitime.testcases.TestCases"/>
  <testcase name="capacityPlanningTest" time="197.876" classname="com.actitime.testcases.TestCases"/>
</testsuite> <!-- ActiTIME Test Cases -->
